0 info it worked if it ends with ok
1 verbose cli [ 'node',
1 verbose cli   '/usr/bin/npm',
1 verbose cli   'install',
1 verbose cli   'https://github.com/brian3kb/graham_scan_js' ]
2 info using npm@1.4.28
3 info using node@v0.10.38
4 verbose cache add [ 'https://github.com/brian3kb/graham_scan_js', null ]
5 verbose cache add name=undefined spec="https://github.com/brian3kb/graham_scan_js" args=["https://github.com/brian3kb/graham_scan_js",null]
6 verbose parsed url { protocol: 'https:',
6 verbose parsed url   slashes: true,
6 verbose parsed url   auth: null,
6 verbose parsed url   host: 'github.com',
6 verbose parsed url   port: null,
6 verbose parsed url   hostname: 'github.com',
6 verbose parsed url   hash: null,
6 verbose parsed url   search: null,
6 verbose parsed url   query: null,
6 verbose parsed url   pathname: '/brian3kb/graham_scan_js',
6 verbose parsed url   path: '/brian3kb/graham_scan_js',
6 verbose parsed url   href: 'https://github.com/brian3kb/graham_scan_js' }
7 silly lockFile 173249e0-thub-com-brian3kb-graham-scan-js https://github.com/brian3kb/graham_scan_js
8 verbose lock https://github.com/brian3kb/graham_scan_js /home/root/.npm/173249e0-thub-com-brian3kb-graham-scan-js.lock
9 verbose addRemoteTarball [ 'https://github.com/brian3kb/graham_scan_js', null ]
10 info retry fetch attempt 1 at 02:01:03
11 verbose fetch to= /tmp/npm-936-2jLUNe_2/github.com/brian3kb/graham_scan_js
12 http GET https://github.com/brian3kb/graham_scan_js
13 http 200 https://github.com/brian3kb/graham_scan_js
14 verbose tar unpack /tmp/npm-936-2jLUNe_2/github.com/brian3kb/graham_scan_js
15 silly lockFile c2686ff7-m-brian3kb-graham-scan-js-unpack tar:///tmp/npm-936-2jLUNe_2/github.com/brian3kb/graham_scan_js-unpack
16 verbose lock tar:///tmp/npm-936-2jLUNe_2/github.com/brian3kb/graham_scan_js-unpack /home/root/.npm/c2686ff7-m-brian3kb-graham-scan-js-unpack.lock
17 silly lockFile ebad2027-thub-com-brian3kb-graham-scan-js tar:///tmp/npm-936-2jLUNe_2/github.com/brian3kb/graham_scan_js
18 verbose lock tar:///tmp/npm-936-2jLUNe_2/github.com/brian3kb/graham_scan_js /home/root/.npm/ebad2027-thub-com-brian3kb-graham-scan-js.lock
19 silly gunzTarPerm modes [ '755', '644' ]
20 error not a package /tmp/npm-936-2jLUNe_2/github.com/brian3kb/graham_scan_js
21 silly lockFile c2686ff7-m-brian3kb-graham-scan-js-unpack tar:///tmp/npm-936-2jLUNe_2/github.com/brian3kb/graham_scan_js-unpack
22 silly lockFile c2686ff7-m-brian3kb-graham-scan-js-unpack tar:///tmp/npm-936-2jLUNe_2/github.com/brian3kb/graham_scan_js-unpack
23 silly lockFile ebad2027-thub-com-brian3kb-graham-scan-js tar:///tmp/npm-936-2jLUNe_2/github.com/brian3kb/graham_scan_js
24 silly lockFile ebad2027-thub-com-brian3kb-graham-scan-js tar:///tmp/npm-936-2jLUNe_2/github.com/brian3kb/graham_scan_js
25 silly lockFile 173249e0-thub-com-brian3kb-graham-scan-js https://github.com/brian3kb/graham_scan_js
26 silly lockFile 173249e0-thub-com-brian3kb-graham-scan-js https://github.com/brian3kb/graham_scan_js
27 error Error: ENOENT, open '/tmp/npm-936-2jLUNe_2/github.com/brian3kb/graham_scan_js-unpack/package.json'
28 error If you need help, you may report this *entire* log,
28 error including the npm and node versions, at:
28 error     <http://github.com/npm/npm/issues>
29 error System Linux 3.8.7-yocto-standard
30 error command "node" "/usr/bin/npm" "install" "https://github.com/brian3kb/graham_scan_js"
31 error cwd /home/laser
32 error node -v v0.10.38
33 error npm -v 1.4.28
34 error path /tmp/npm-936-2jLUNe_2/github.com/brian3kb/graham_scan_js-unpack/package.json
35 error code ENOENT
36 error errno 34
37 verbose exit [ 34, true ]
