0.21
0.13
0.25
0.15
0.46
0.28
0.25
0.22
0.25
0.15
0.15
0.16
0.10
0.21
0.18
0.11
0.07
0.04
0.09
0.06
0.18
0.11
0.12
0.13
0.45
0.35
0.21
0.27
0.27
0.16
0.25
0.31
0.19
0.18
0.11
0.06
0.04
0.17
0.16
0.10
0.12
0.15
0.20
0.18
0.16
0.10
0.06
0.04
0.16
0.10
0.06
0.25
0.28
0.33
0.20
0.28
0.17
0.17
0.16
0.09
0.06
0.04
0.16
0.30
0.33
0.38
0.30
0.43
0.26
0.16
0.10
0.13
0.08
0.12
0.13
0.08
0.05
0.03
0.02
0.01
0.05
0.03
0.20
0.12
0.22
0.13
0.22
0.19
0.23
0.22
0.13
0.08
0.05
0.03
0.02
0.12
0.13
0.15
0.09
0.27
0.22
0.13
0.26
0.16
0.15
0.09
0.06
0.09
0.18
0.11
0.07
0.11
0.07
0.04
0.17
0.11
0.06
0.04
0.09
0.05
0.03
0.09
0.16
0.10
0.17
0.16
0.10
0.06
0.04
0.02
0.01
0.17
0.10
0.11
0.13
0.16
0.17
0.10
0.06
0.04
0.25
0.15
0.09
0.06
0.03
0.07
0.19
0.11
0.07
0.04
0.02
0.01
0.01
0.08
